{"level":"info","message":"signup | new user -> test@gmail.com","timestamp":"2015-11-04T15:46:34.342Z"}
{"level":"info","message":"login | wrong credential -> test@test.com","timestamp":"2015-11-04T15:48:03.136Z"}
{"level":"info","message":"login | logged in -> test@gmail.com","timestamp":"2015-11-04T15:48:13.038Z"}
{"level":"info","message":"signup | new user -> test@test.com","timestamp":"2015-11-19T01:03:38.878Z"}
{"level":"info","message":"login | logged in -> test@test.com","timestamp":"2015-11-19T03:45:28.452Z"}
{"level":"info","message":"login | logged in -> test@test.com","timestamp":"2015-11-19T03:54:38.551Z"}
{"level":"info","message":"login | logged in -> test@test.com","timestamp":"2015-11-19T04:11:15.419Z"}
{"level":"info","message":"login | logged in -> test@test.com","timestamp":"2015-11-19T04:17:52.581Z"}
{"level":"info","message":"login | logged in -> test@test.com","timestamp":"2015-11-19T04:25:21.975Z"}
{"level":"info","message":"login | logged in -> test@test.com","timestamp":"2015-11-22T05:33:41.248Z"}
{"level":"info","message":"login | logged in -> test@test.com","timestamp":"2015-11-22T08:30:13.668Z"}
{"level":"info","message":"login | logged in -> test@test.com","timestamp":"2015-11-22T08:31:05.175Z"}
{"level":"info","message":"login | logged in -> test@test.com","timestamp":"2015-11-22T08:32:33.323Z"}
{"level":"info","message":"login | logged in -> test@test.com","timestamp":"2015-11-22T08:33:03.084Z"}
{"level":"info","message":"login | logged in -> test@test.com","timestamp":"2015-11-22T08:33:32.433Z"}
{"level":"info","message":"login | logged in -> test@test.com","timestamp":"2015-11-22T08:34:37.916Z"}
{"level":"info","message":"login | logged in -> test@test.com","timestamp":"2015-11-22T08:34:58.948Z"}
{"level":"info","message":"login | logged in -> test@test.com","timestamp":"2015-11-22T08:38:42.818Z"}
{"level":"info","message":"login | logged in -> test@test.com","timestamp":"2015-11-22T08:40:24.297Z"}
{"level":"info","message":"login | logged in -> test@test.com","timestamp":"2015-11-22T08:42:46.524Z"}
{"level":"info","message":"login | logged in -> test@test.com","timestamp":"2015-11-22T08:43:31.615Z"}
{"level":"info","message":"login | logged in -> test@test.com","timestamp":"2015-11-22T08:44:14.232Z"}
{"level":"info","message":"login | logged in -> test@test.com","timestamp":"2015-11-22T08:46:03.250Z"}
{"level":"info","message":"login | logged in -> test@test.com","timestamp":"2015-11-22T08:46:34.720Z"}
{"level":"info","message":"login | logged in -> test@test.com","timestamp":"2015-11-22T08:47:52.511Z"}
{"level":"info","message":"login | logged in -> test@test.com","timestamp":"2015-11-22T08:48:43.881Z"}
{"level":"info","message":"login | logged in -> test@test.com","timestamp":"2015-11-22T08:49:12.336Z"}
{"level":"info","message":"login | logged in -> test@test.com","timestamp":"2015-11-22T08:50:45.053Z"}
{"level":"info","message":"login | logged in -> test@test.com","timestamp":"2015-11-22T08:51:59.392Z"}
{"level":"info","message":"login | logged in -> test@test.com","timestamp":"2015-11-22T08:52:48.333Z"}
{"level":"info","message":"login | logged in -> test@test.com","timestamp":"2015-11-22T08:53:13.884Z"}
{"level":"info","message":"login | logged in -> test@test.com","timestamp":"2015-11-22T08:53:39.853Z"}
{"level":"info","message":"login | logged in -> test@test.com","timestamp":"2015-11-22T08:54:16.820Z"}
{"level":"info","message":"login | logged in -> test@test.com","timestamp":"2015-11-22T08:54:33.088Z"}
{"level":"info","message":"login | logged in -> test@test.com","timestamp":"2015-11-22T09:43:41.016Z"}
{"level":"info","message":"login | logged in -> test@test.com","timestamp":"2015-11-22T09:58:40.629Z"}
{"level":"info","message":"login | logged in -> test@test.com","timestamp":"2015-11-24T00:47:49.314Z"}
{"level":"info","message":"signup | new user -> test2@test.com","timestamp":"2015-11-24T01:06:54.144Z"}
{"level":"info","message":"login | logged in -> test@test.com","timestamp":"2015-11-24T01:38:01.915Z"}
{"level":"info","message":"signup | new user -> test2@test.com","timestamp":"2015-11-24T02:17:22.663Z"}
{"level":"info","message":"login | logged in -> test@test.com","timestamp":"2015-11-26T01:43:10.341Z"}
{"level":"info","message":"login | logged in -> test@test.com","timestamp":"2015-11-26T02:23:25.185Z"}
{"level":"info","message":"login | logged in -> test@test.com","timestamp":"2015-11-26T02:34:57.688Z"}
{"level":"info","message":"login | logged in -> test@test.com","timestamp":"2015-11-26T06:44:28.580Z"}
{"level":"info","message":"login | logged in -> test@test.com","timestamp":"2015-11-26T07:03:08.963Z"}
{"level":"info","message":"login | logged in -> test@test.com","timestamp":"2015-11-26T07:09:31.855Z"}
{"level":"info","message":"login | logged in -> test@test.com","timestamp":"2015-11-26T07:18:00.673Z"}
{"level":"info","message":"login | logged in -> test@test.com","timestamp":"2015-11-26T07:24:41.845Z"}
{"level":"info","message":"login | logged in -> test@test.com","timestamp":"2015-11-26T07:35:29.476Z"}
{"level":"info","message":"login | logged in -> test@test.com","timestamp":"2015-11-26T07:45:09.034Z"}
{"level":"info","message":"login | logged in -> test@test.com","timestamp":"2015-11-26T07:51:16.393Z"}
{"level":"info","message":"login | logged in -> test@test.com","timestamp":"2015-11-26T07:57:53.885Z"}
{"level":"info","message":"login | logged in -> test@test.com","timestamp":"2015-11-26T08:04:34.508Z"}
