{"level":"info","message":"login | logged in poke19962008@gmail.com","timestamp":"2015-10-28T16:18:35.439Z"}
{"level":"info","message":"SERVER STARTED","timestamp":"2015-10-28T16:22:20.857Z"}
{"level":"info","message":"login | logged in poke19962008@gmail.com","timestamp":"2015-10-28T16:22:23.534Z"}
{"level":"info","message":"SERVER STARTED","timestamp":"2015-10-28T16:25:00.458Z"}
{"level":"info","message":"SERVER STARTED","timestamp":"2015-10-29T11:45:45.907Z"}
{"level":"info","message":"SERVER STARTED","timestamp":"2015-10-29T16:08:20.923Z"}
{"level":"info","message":"SERVER STARTED","timestamp":"2015-10-30T13:31:05.289Z"}
{"level":"info","message":"SERVER STARTED","timestamp":"2015-10-30T14:18:23.242Z"}
{"level":"info","message":"signup | new user -> mail@mail.com","timestamp":"2015-10-30T14:19:04.641Z"}
{"level":"info","message":"SERVER STARTED","timestamp":"2015-10-30T14:30:50.133Z"}
{"level":"info","message":"SERVER STARTED","timestamp":"2015-10-30T14:31:41.173Z"}
{"level":"info","message":"SERVER STARTED","timestamp":"2015-10-30T14:31:45.461Z"}
{"level":"info","message":"SERVER STARTED","timestamp":"2015-10-30T14:32:14.192Z"}
{"level":"info","message":"SERVER STARTED","timestamp":"2015-10-30T14:32:34.105Z"}
{"level":"info","message":"SERVER STARTED","timestamp":"2015-10-30T15:39:12.044Z"}
{"level":"info","message":"SERVER STARTED","timestamp":"2015-10-30T16:27:47.333Z"}
{"level":"info","message":"SERVER STARTED","timestamp":"2015-10-30T18:00:35.631Z"}
{"level":"info","message":"SERVER STARTED","timestamp":"2015-10-30T18:20:03.075Z"}
{"level":"info","message":"SERVER STARTED","timestamp":"2015-10-30T18:21:44.919Z"}
{"level":"info","message":"signup | new user -> test@test.com","timestamp":"2015-10-30T18:22:10.685Z"}
{"level":"info","message":"login | logged in -> test@test.com","timestamp":"2015-10-30T18:22:23.552Z"}
{"level":"info","message":"SERVER STARTED","timestamp":"2015-10-30T18:29:10.823Z"}
{"level":"info","message":"SERVER STARTED","timestamp":"2015-10-30T18:31:11.639Z"}
{"level":"info","message":"SERVER STARTED","timestamp":"2015-10-30T18:32:58.600Z"}
{"level":"info","message":"SERVER STARTED","timestamp":"2015-10-30T18:35:52.836Z"}
{"level":"info","message":"SERVER STARTED","timestamp":"2015-10-30T18:36:50.137Z"}
{"level":"info","message":"SERVER STARTED","timestamp":"2015-10-30T18:38:45.105Z"}
{"level":"info","message":"SERVER STARTED","timestamp":"2015-10-30T19:20:02.883Z"}
{"level":"info","message":"SERVER STARTED","timestamp":"2015-10-30T19:21:31.424Z"}
{"level":"info","message":"SERVER STARTED","timestamp":"2015-10-30T19:23:21.095Z"}
{"level":"info","message":"SERVER STARTED","timestamp":"2015-10-30T19:24:39.652Z"}
{"level":"info","message":"SERVER STARTED","timestamp":"2015-10-30T19:26:38.370Z"}
{"level":"info","message":"SERVER STARTED","timestamp":"2015-10-30T19:27:01.399Z"}
{"level":"info","message":"SERVER STARTED","timestamp":"2015-10-30T19:27:20.717Z"}
{"level":"info","message":"SERVER STARTED","timestamp":"2015-10-30T19:27:57.450Z"}
{"level":"info","message":"SERVER STARTED","timestamp":"2015-10-30T19:28:26.627Z"}
{"level":"info","message":"SERVER STARTED","timestamp":"2015-10-30T19:28:47.784Z"}
{"level":"info","message":"SERVER STARTED","timestamp":"2015-10-30T19:29:06.471Z"}
{"level":"info","message":"SERVER STARTED","timestamp":"2015-10-30T19:29:30.368Z"}
{"level":"info","message":"SERVER STARTED","timestamp":"2015-10-30T19:30:48.940Z"}
{"level":"info","message":"SERVER STARTED","timestamp":"2015-10-30T19:31:20.798Z"}
{"level":"info","message":"SERVER STARTED","timestamp":"2015-10-30T19:31:48.677Z"}
{"level":"info","message":"login | logged in -> test@test.com","timestamp":"2015-10-30T19:31:49.816Z"}
{"level":"info","message":"SERVER STARTED","timestamp":"2015-10-30T19:32:29.689Z"}
{"level":"info","message":"login | logged in -> test@test.com","timestamp":"2015-10-30T19:32:32.388Z"}
{"level":"info","message":"SERVER STARTED","timestamp":"2015-10-30T19:33:20.720Z"}
{"level":"info","message":"login | logged in -> test@test.com","timestamp":"2015-10-30T19:33:22.853Z"}
{"level":"info","message":"login | logged in -> test@test.com","timestamp":"2015-10-30T19:35:50.546Z"}
{"level":"info","message":"login | logged in -> test@test.com","timestamp":"2015-10-30T19:36:29.402Z"}
{"level":"info","message":"SERVER STARTED","timestamp":"2015-10-30T19:37:26.406Z"}
{"level":"info","message":"login | logged in -> test@test.com","timestamp":"2015-10-30T19:37:29.959Z"}
{"level":"info","message":"login | logged in -> test@test.com","timestamp":"2015-10-30T19:37:37.651Z"}
{"level":"info","message":"login | logged in -> test@test.com","timestamp":"2015-10-30T19:38:01.841Z"}
{"level":"info","message":"login | logged in -> test@test.com","timestamp":"2015-10-30T19:40:06.440Z"}
{"level":"info","message":"login | logged in -> test@test.com","timestamp":"2015-10-30T19:41:10.217Z"}
{"level":"info","message":"login | logged in -> test@test.com","timestamp":"2015-10-30T19:41:14.940Z"}
{"level":"info","message":"login | logged in -> test@test.com","timestamp":"2015-10-30T19:41:33.065Z"}
{"level":"info","message":"SERVER STARTED","timestamp":"2015-10-30T20:03:21.629Z"}
{"level":"info","message":"SERVER STARTED","timestamp":"2015-10-30T20:43:41.545Z"}
{"level":"info","message":"SERVER STARTED","timestamp":"2015-10-30T20:44:42.597Z"}
{"level":"info","message":"SERVER STARTED","timestamp":"2015-10-30T20:46:23.846Z"}
{"level":"info","message":"SERVER STARTED","timestamp":"2015-10-30T21:04:12.936Z"}
{"level":"info","message":"SERVER STARTED","timestamp":"2015-10-30T21:05:46.566Z"}
{"level":"info","message":"SERVER STARTED","timestamp":"2015-10-30T21:06:58.666Z"}
{"level":"info","message":"SERVER STARTED","timestamp":"2015-10-30T21:07:26.644Z"}
{"level":"info","message":"SERVER STARTED","timestamp":"2015-10-30T21:07:48.788Z"}
{"level":"info","message":"SERVER STARTED","timestamp":"2015-10-30T21:08:18.593Z"}
{"level":"info","message":"SERVER STARTED","timestamp":"2015-10-30T21:10:01.204Z"}
{"level":"info","message":"SERVER STARTED","timestamp":"2015-10-30T21:12:38.099Z"}
{"level":"info","message":"SERVER STARTED","timestamp":"2015-10-30T21:15:59.649Z"}
{"level":"info","message":"SERVER STARTED","timestamp":"2015-10-30T21:16:36.851Z"}
{"level":"info","message":"SERVER STARTED","timestamp":"2015-10-30T21:17:09.480Z"}
{"level":"info","message":"SERVER STARTED","timestamp":"2015-10-30T21:17:58.422Z"}
{"level":"info","message":"SERVER STARTED","timestamp":"2015-10-30T21:19:05.267Z"}
{"level":"info","message":"SERVER STARTED","timestamp":"2015-10-30T21:25:36.984Z"}
{"level":"info","message":"SERVER STARTED","timestamp":"2015-10-30T21:58:38.803Z"}
{"level":"info","message":"SERVER STARTED","timestamp":"2015-10-31T09:36:31.962Z"}
{"level":"info","message":"login | logged in -> test@test.com","timestamp":"2015-10-31T09:36:49.349Z"}
{"level":"info","message":"SERVER STARTED","timestamp":"2015-10-31T09:38:13.860Z"}
{"level":"info","message":"login | logged in -> test@test.com","timestamp":"2015-10-31T09:38:19.747Z"}
{"level":"info","message":"SERVER STARTED","timestamp":"2015-10-31T09:41:00.646Z"}
{"level":"info","message":"login | logged in -> test@test.com","timestamp":"2015-10-31T09:41:04.864Z"}
{"level":"info","message":"SERVER STARTED","timestamp":"2015-10-31T09:44:43.214Z"}
{"level":"info","message":"login | logged in -> test@test.com","timestamp":"2015-10-31T09:44:46.083Z"}
{"level":"info","message":"SERVER STARTED","timestamp":"2015-10-31T09:47:24.195Z"}
{"level":"info","message":"login | logged in -> test@test.com","timestamp":"2015-10-31T09:47:28.752Z"}
{"level":"info","message":"SERVER STARTED","timestamp":"2015-10-31T09:48:10.284Z"}
{"level":"info","message":"login | logged in -> test@test.com","timestamp":"2015-10-31T09:48:12.745Z"}
{"level":"info","message":"login | logged in -> test@test.com","timestamp":"2015-10-31T10:44:50.953Z"}
